<?xml version="1.0" encoding="UTF-8"?>
<!-- Generated by org.testng.reporters.JUnitXMLReporter -->
<testsuite ignored="5" hostname="dell" failures="0" tests="1" name="Default test" time="52.512" errors="0" timestamp="2021-10-25T01:04:15 IST">
  <testcase classname="QualicoachProject.LoginPage" name="takequiz" time="52.342"/>
  <testcase classname="QualicoachProject.LoginPage" name="editUser" time="0.0">
    <ignored/>
  </testcase> <!-- editUser -->
  <testcase classname="QualicoachProject.LoginPage" name="enrollcourse" time="0.0">
    <ignored/>
  </testcase> <!-- enrollcourse -->
  <testcase classname="QualicoachProject.LoginPage" name="certificate" time="0.0">
    <ignored/>
  </testcase> <!-- certificate -->
  <testcase classname="QualicoachProject.LoginPage" name="quiz" time="0.0">
    <ignored/>
  </testcase> <!-- quiz -->
  <testcase classname="QualicoachProject.LoginPage" name="loginUser" time="0.0">
    <ignored/>
  </testcase> <!-- loginUser -->
</testsuite> <!-- Default test -->
