<?xml version="1.0" encoding="UTF-8"?>
<testng-results ignored="5" total="6" passed="1" failed="0" skipped="0">
  <reporter-output>
  </reporter-output>
  <suite started-at="2021-10-25T01:03:23 IST" name="Default suite" finished-at="2021-10-25T01:04:15 IST" duration-ms="52512">
    <groups>
    </groups>
    <test started-at="2021-10-25T01:03:23 IST" name="Default test" finished-at="2021-10-25T01:04:15 IST" duration-ms="52512">
      <class name="QualicoachProject.LoginPage">
        <test-method signature="takequiz()[pri:3, instance:QualicoachProject.LoginPage@32811494]" started-at="2021-10-25T01:03:23 IST" name="takequiz" finished-at="2021-10-25T01:04:15 IST" duration-ms="52342" status="PASS">
          <reporter-output>
          </reporter-output>
        </test-method> <!-- takequiz -->
      </class> <!-- QualicoachProject.LoginPage -->
    </test> <!-- Default test -->
  </suite> <!-- Default suite -->
</testng-results>
